<?xml version="1.0" encoding="UTF-8"?>
<testng-results ignored="0" total="10" passed="10" failed="0" skipped="0">
  <reporter-output>
  </reporter-output>
  <suite started-at="2026-06-05T14:09:25 IST" name="Suite" finished-at="2026-06-05T14:09:52 IST" duration-ms="27010">
    <groups>
      <group name="cucumber">
        <method signature="AbstractTestNGCucumberTests.runScenario(io.cucumber.testng.PickleWrapper,io.cucumber.testng.FeatureWrapper)[pri:0, instance:runner.LoginPageTestRunner@17a7f733]" name="runScenario" class="io.cucumber.testng.AbstractTestNGCucumberTests"/>
      </group> <!-- cucumber -->
    </groups>
    <test started-at="2026-06-05T14:09:25 IST" name="Leave Apply and Login Scenarios" finished-at="2026-06-05T14:09:52 IST" duration-ms="27010">
      <class name="runner.LoginPageTestRunner">
        <test-method is-config="true" signature="setUpClass(org.testng.ITestContext)[pri:0, instance:runner.LoginPageTestRunner@17a7f733]" started-at="2026-06-05T14:09:25 IST" name="setUpClass" finished-at="2026-06-05T14:09:26 IST" duration-ms="920" status="PASS">
          <params>
            <param index="0">
              <value>
                <![CDATA[org.testng.TestRunner@6c07ad6b]]>
              </value>
            </param>
          </params>
          <reporter-output>
          </reporter-output>
        </test-method> <!-- setUpClass -->
        <test-method signature="runScenario(io.cucumber.testng.PickleWrapper,io.cucumber.testng.FeatureWrapper)[pri:0, instance:runner.LoginPageTestRunner@17a7f733]" started-at="2026-06-05T14:09:26 IST" name="runScenario" description="Runs Cucumber Scenarios" data-provider="scenarios" finished-at="2026-06-05T14:09:29 IST" duration-ms="3217" status="PASS">
          <params>
            <param index="0">
              <value>
                <![CDATA["User need to check background color for Forget Password Page,Username,Password,Rememberme,Sign in your account."]]>
              </value>
            </param>
            <param index="1">
              <value>
                <![CDATA["Login Page Modules"]]>
              </value>
            </param>
          </params>
          <reporter-output>
          </reporter-output>
        </test-method> <!-- runScenario -->
        <test-method signature="runScenario(io.cucumber.testng.PickleWrapper,io.cucumber.testng.FeatureWrapper)[pri:0, instance:runner.LoginPageTestRunner@17a7f733]" started-at="2026-06-05T14:09:29 IST" name="runScenario" description="Runs Cucumber Scenarios" data-provider="scenarios" finished-at="2026-06-05T14:09:32 IST" duration-ms="2767" status="PASS">
          <params>
            <param index="0">
              <value>
                <![CDATA["User click the Support and Helpdesk button check popup is displayed or not."]]>
              </value>
            </param>
            <param index="1">
              <value>
                <![CDATA["Login Page Modules"]]>
              </value>
            </param>
          </params>
          <reporter-output>
          </reporter-output>
        </test-method> <!-- runScenario -->
        <test-method signature="runScenario(io.cucumber.testng.PickleWrapper,io.cucumber.testng.FeatureWrapper)[pri:0, instance:runner.LoginPageTestRunner@17a7f733]" started-at="2026-06-05T14:09:32 IST" name="runScenario" description="Runs Cucumber Scenarios" data-provider="scenarios" finished-at="2026-06-05T14:09:34 IST" duration-ms="2554" status="PASS">
          <params>
            <param index="0">
              <value>
                <![CDATA["User click the Features button check popup is displayed or not."]]>
              </value>
            </param>
            <param index="1">
              <value>
                <![CDATA["Login Page Modules"]]>
              </value>
            </param>
          </params>
          <reporter-output>
          </reporter-output>
        </test-method> <!-- runScenario -->
        <test-method signature="runScenario(io.cucumber.testng.PickleWrapper,io.cucumber.testng.FeatureWrapper)[pri:0, instance:runner.LoginPageTestRunner@17a7f733]" started-at="2026-06-05T14:09:34 IST" name="runScenario" description="Runs Cucumber Scenarios" data-provider="scenarios" finished-at="2026-06-05T14:09:37 IST" duration-ms="2597" status="PASS">
          <params>
            <param index="0">
              <value>
                <![CDATA["User click the Services button check popup is displayed or not."]]>
              </value>
            </param>
            <param index="1">
              <value>
                <![CDATA["Login Page Modules"]]>
              </value>
            </param>
          </params>
          <reporter-output>
          </reporter-output>
        </test-method> <!-- runScenario -->
        <test-method signature="runScenario(io.cucumber.testng.PickleWrapper,io.cucumber.testng.FeatureWrapper)[pri:0, instance:runner.LoginPageTestRunner@17a7f733]" started-at="2026-06-05T14:09:37 IST" name="runScenario" description="Runs Cucumber Scenarios" data-provider="scenarios" finished-at="2026-06-05T14:09:39 IST" duration-ms="2384" status="PASS">
          <params>
            <param index="0">
              <value>
                <![CDATA["User click the Training button check popup is displayed or not."]]>
              </value>
            </param>
            <param index="1">
              <value>
                <![CDATA["Login Page Modules"]]>
              </value>
            </param>
          </params>
          <reporter-output>
          </reporter-output>
        </test-method> <!-- runScenario -->
        <test-method signature="runScenario(io.cucumber.testng.PickleWrapper,io.cucumber.testng.FeatureWrapper)[pri:0, instance:runner.LoginPageTestRunner@17a7f733]" started-at="2026-06-05T14:09:39 IST" name="runScenario" description="Runs Cucumber Scenarios" data-provider="scenarios" finished-at="2026-06-05T14:09:42 IST" duration-ms="2368" status="PASS">
          <params>
            <param index="0">
              <value>
                <![CDATA["User without enter anything in username and password and check the valid error message."]]>
              </value>
            </param>
            <param index="1">
              <value>
                <![CDATA["Login Page Modules"]]>
              </value>
            </param>
          </params>
          <reporter-output>
          </reporter-output>
        </test-method> <!-- runScenario -->
        <test-method signature="runScenario(io.cucumber.testng.PickleWrapper,io.cucumber.testng.FeatureWrapper)[pri:0, instance:runner.LoginPageTestRunner@17a7f733]" started-at="2026-06-05T14:09:42 IST" name="runScenario" description="Runs Cucumber Scenarios" data-provider="scenarios" finished-at="2026-06-05T14:09:44 IST" duration-ms="2288" status="PASS">
          <params>
            <param index="0">
              <value>
                <![CDATA["User enter valid username and without enter password and check the valid error message."]]>
              </value>
            </param>
            <param index="1">
              <value>
                <![CDATA["Login Page Modules"]]>
              </value>
            </param>
          </params>
          <reporter-output>
          </reporter-output>
        </test-method> <!-- runScenario -->
        <test-method signature="runScenario(io.cucumber.testng.PickleWrapper,io.cucumber.testng.FeatureWrapper)[pri:0, instance:runner.LoginPageTestRunner@17a7f733]" started-at="2026-06-05T14:09:44 IST" name="runScenario" description="Runs Cucumber Scenarios" data-provider="scenarios" finished-at="2026-06-05T14:09:46 IST" duration-ms="2435" status="PASS">
          <params>
            <param index="0">
              <value>
                <![CDATA["User without enter username and enter valid password and check the valid error message."]]>
              </value>
            </param>
            <param index="1">
              <value>
                <![CDATA["Login Page Modules"]]>
              </value>
            </param>
          </params>
          <reporter-output>
          </reporter-output>
        </test-method> <!-- runScenario -->
        <test-method signature="runScenario(io.cucumber.testng.PickleWrapper,io.cucumber.testng.FeatureWrapper)[pri:0, instance:runner.LoginPageTestRunner@17a7f733]" started-at="2026-06-05T14:09:46 IST" name="runScenario" description="Runs Cucumber Scenarios" data-provider="scenarios" finished-at="2026-06-05T14:09:50 IST" duration-ms="3125" status="PASS">
          <params>
            <param index="0">
              <value>
                <![CDATA["User enter invalid username and invalid password and check the valid error message."]]>
              </value>
            </param>
            <param index="1">
              <value>
                <![CDATA["Login Page Modules"]]>
              </value>
            </param>
          </params>
          <reporter-output>
          </reporter-output>
        </test-method> <!-- runScenario -->
        <test-method signature="runScenario(io.cucumber.testng.PickleWrapper,io.cucumber.testng.FeatureWrapper)[pri:0, instance:runner.LoginPageTestRunner@17a7f733]" started-at="2026-06-05T14:09:50 IST" name="runScenario" description="Runs Cucumber Scenarios" data-provider="scenarios" finished-at="2026-06-05T14:09:51 IST" duration-ms="1909" status="PASS">
          <params>
            <param index="0">
              <value>
                <![CDATA["User can able to enable the Remember me option."]]>
              </value>
            </param>
            <param index="1">
              <value>
                <![CDATA["Login Page Modules"]]>
              </value>
            </param>
          </params>
          <reporter-output>
          </reporter-output>
        </test-method> <!-- runScenario -->
        <test-method is-config="true" signature="tearDownClass()[pri:0, instance:runner.LoginPageTestRunner@17a7f733]" started-at="2026-06-05T14:09:51 IST" name="tearDownClass" finished-at="2026-06-05T14:09:52 IST" duration-ms="379" status="PASS">
          <reporter-output>
          </reporter-output>
        </test-method> <!-- tearDownClass -->
      </class> <!-- runner.LoginPageTestRunner -->
    </test> <!-- Leave Apply and Login Scenarios -->
  </suite> <!-- Suite -->
</testng-results>
