<?xml version="1.0" encoding="UTF-8"?>
<!-- Generated by org.testng.reporters.JUnitReportReporter -->
<testsuite hostname="ISCISNB138" failures="0" tests="10" name="runner.LoginPageTestRunner" time="25.644" errors="0" timestamp="2026-06-05T14:09:52 IST" skipped="0">
  <testcase classname="runner.LoginPageTestRunner" name="runScenario" time="3.217"/>
  <testcase classname="runner.LoginPageTestRunner" name="runScenario" time="2.288"/>
  <testcase classname="runner.LoginPageTestRunner" name="runScenario" time="2.767"/>
  <testcase classname="runner.LoginPageTestRunner" name="runScenario" time="1.909"/>
  <testcase classname="runner.LoginPageTestRunner" name="runScenario" time="2.368"/>
  <testcase classname="runner.LoginPageTestRunner" name="runScenario" time="3.125"/>
  <testcase classname="runner.LoginPageTestRunner" name="runScenario" time="2.435"/>
  <testcase classname="runner.LoginPageTestRunner" name="runScenario" time="2.554"/>
  <testcase classname="runner.LoginPageTestRunner" name="runScenario" time="2.597"/>
  <testcase classname="runner.LoginPageTestRunner" name="runScenario" time="2.384"/>
</testsuite> <!-- runner.LoginPageTestRunner -->
