<?xml version="1.0" encoding="UTF-8"?>
<!-- Generated by org.testng.reporters.JUnitReportReporter -->
<testsuite hostname="ISCISNB138" failures="6" tests="132" name="runner.LeaveApplyTestRunner" time="9241.192" errors="3" timestamp="2026-06-05T11:52:59 IST" skipped="0">
  <testcase classname="runner.LeaveApplyTestRunner" name="runScenario" time="48.045"/>
  <testcase classname="runner.LeaveApplyTestRunner" name="runScenario" time="101.225"/>
  <testcase classname="runner.LeaveApplyTestRunner" name="runScenario" time="46.840"/>
  <testcase classname="runner.LeaveApplyTestRunner" name="runScenario" time="58.063"/>
  <testcase classname="runner.LeaveApplyTestRunner" name="runScenario" time="59.177"/>
  <testcase classname="runner.LeaveApplyTestRunner" name="runScenario" time="86.550"/>
  <testcase classname="runner.LeaveApplyTestRunner" name="runScenario" time="43.655"/>
  <testcase classname="runner.LeaveApplyTestRunner" name="runScenario" time="110.985"/>
  <testcase classname="runner.LeaveApplyTestRunner" name="runScenario" time="49.969"/>
  <testcase classname="runner.LeaveApplyTestRunner" name="runScenario" time="80.279">
    <failure message="expected [Record deleted successfully.] but found [You can&#039;t apply medical leave for future dates.]" type="java.lang.AssertionError">
      <![CDATA[java.lang.AssertionError: expected [Record deleted successfully.] but found [You can't apply medical leave for future dates.]
at org.testng.Assert.fail(Assert.java:111)
at org.testng.Assert.failNotEquals(Assert.java:1590)
at org.testng.Assert.assertEqualsImpl(Assert.java:150)
at org.testng.Assert.assertEquals(Assert.java:132)
at org.testng.Assert.assertEquals(Assert.java:656)
at org.testng.Assert.assertEquals(Assert.java:666)
at pageObjectModule.LeaveApplyPage.checkValidDeleteErrorMessageForPublicRestOffDay(LeaveApplyPage.java:796)
at stepDefination.LeaveApplyTest.user_need_to_check_valid_error_message_for_public_rest_off_day_successful_deletion(LeaveApplyTest.java:189)
at ✽.User need to check valid error message for public/rest/off day successful deletion.(file:///C:/Users/ISCISNB138U/eclipse-workspace/HR2EAZY-Application/src/test/java/feature/LeaveApply.feature:26)
]]>
    </failure>
  </testcase> <!-- runScenario -->
  <testcase classname="runner.LeaveApplyTestRunner" name="runScenario" time="51.576"/>
  <testcase classname="runner.LeaveApplyTestRunner" name="runScenario" time="84.894"/>
  <testcase classname="runner.LeaveApplyTestRunner" name="runScenario" time="66.338"/>
  <testcase classname="runner.LeaveApplyTestRunner" name="runScenario" time="40.953"/>
  <testcase classname="runner.LeaveApplyTestRunner" name="runScenario" time="63.740"/>
  <testcase classname="runner.LeaveApplyTestRunner" name="runScenario" time="57.823"/>
  <testcase classname="runner.LeaveApplyTestRunner" name="runScenario" time="57.738"/>
  <testcase classname="runner.LeaveApplyTestRunner" name="runScenario" time="62.097"/>
  <testcase classname="runner.LeaveApplyTestRunner" name="runScenario" time="50.628"/>
  <testcase classname="runner.LeaveApplyTestRunner" name="runScenario" time="60.930"/>
  <testcase classname="runner.LeaveApplyTestRunner" name="runScenario" time="70.362"/>
  <testcase classname="runner.LeaveApplyTestRunner" name="runScenario" time="71.344"/>
  <testcase classname="runner.LeaveApplyTestRunner" name="runScenario" time="77.486"/>
  <testcase classname="runner.LeaveApplyTestRunner" name="runScenario" time="64.793"/>
  <testcase classname="runner.LeaveApplyTestRunner" name="runScenario" time="77.548"/>
  <testcase classname="runner.LeaveApplyTestRunner" name="runScenario" time="74.077">
    <failure message="expected [Record deleted successfully.] but found [You can&#039;t apply medical leave for future dates.]" type="java.lang.AssertionError">
      <![CDATA[java.lang.AssertionError: expected [Record deleted successfully.] but found [You can't apply medical leave for future dates.]
at org.testng.Assert.fail(Assert.java:111)
at org.testng.Assert.failNotEquals(Assert.java:1590)
at org.testng.Assert.assertEqualsImpl(Assert.java:150)
at org.testng.Assert.assertEquals(Assert.java:132)
at org.testng.Assert.assertEquals(Assert.java:656)
at org.testng.Assert.assertEquals(Assert.java:666)
at pageObjectModule.LeaveApplyPage.checkValidDeleteErrorMessageForPublicRestOffDay(LeaveApplyPage.java:796)
at stepDefination.LeaveApplyTest.user_need_to_check_valid_error_message_for_public_rest_off_day_successful_deletion(LeaveApplyTest.java:189)
at ✽.User need to check valid error message for public/rest/off day successful deletion.(file:///C:/Users/ISCISNB138U/eclipse-workspace/HR2EAZY-Application/src/test/java/feature/LeaveApply.feature:36)
]]>
    </failure>
  </testcase> <!-- runScenario -->
  <testcase classname="runner.LeaveApplyTestRunner" name="runScenario" time="82.143"/>
  <testcase classname="runner.LeaveApplyTestRunner" name="runScenario" time="61.781"/>
  <testcase classname="runner.LeaveApplyTestRunner" name="runScenario" time="57.980"/>
  <testcase classname="runner.LeaveApplyTestRunner" name="runScenario" time="57.731"/>
  <testcase classname="runner.LeaveApplyTestRunner" name="runScenario" time="64.818"/>
  <testcase classname="runner.LeaveApplyTestRunner" name="runScenario" time="72.055"/>
  <testcase classname="runner.LeaveApplyTestRunner" name="runScenario" time="75.490"/>
  <testcase classname="runner.LeaveApplyTestRunner" name="runScenario" time="77.712"/>
  <testcase classname="runner.LeaveApplyTestRunner" name="runScenario" time="81.922">
    <failure message="expected [Record deleted successfully.] but found [You must apply Annual Leave 2 days before.]" type="java.lang.AssertionError">
      <![CDATA[java.lang.AssertionError: expected [Record deleted successfully.] but found [You must apply Annual Leave 2 days before.]
at org.testng.Assert.fail(Assert.java:111)
at org.testng.Assert.failNotEquals(Assert.java:1590)
at org.testng.Assert.assertEqualsImpl(Assert.java:150)
at org.testng.Assert.assertEquals(Assert.java:132)
at org.testng.Assert.assertEquals(Assert.java:656)
at org.testng.Assert.assertEquals(Assert.java:666)
at pageObjectModule.LeaveApplyPage.checkValidDeleteErrorMessageForPublicRestOffDay(LeaveApplyPage.java:796)
at stepDefination.LeaveApplyTest.user_need_to_check_valid_error_message_for_public_rest_off_day_successful_deletion(LeaveApplyTest.java:189)
at ✽.User need to check valid error message for public/rest/off day successful deletion.(file:///C:/Users/ISCISNB138U/eclipse-workspace/HR2EAZY-Application/src/test/java/feature/LeaveApply.feature:26)
]]>
    </failure>
  </testcase> <!-- runScenario -->
  <testcase classname="runner.LeaveApplyTestRunner" name="runScenario" time="93.382"/>
  <testcase classname="runner.LeaveApplyTestRunner" name="runScenario" time="52.491"/>
  <testcase classname="runner.LeaveApplyTestRunner" name="runScenario" time="59.416"/>
  <testcase classname="runner.LeaveApplyTestRunner" name="runScenario" time="71.223"/>
  <testcase classname="runner.LeaveApplyTestRunner" name="runScenario" time="43.910"/>
  <testcase classname="runner.LeaveApplyTestRunner" name="runScenario" time="80.398">
    <failure message="expected [Record deleted successfully.] but found [You can&#039;t apply medical leave for future dates.]" type="java.lang.AssertionError">
      <![CDATA[java.lang.AssertionError: expected [Record deleted successfully.] but found [You can't apply medical leave for future dates.]
at org.testng.Assert.fail(Assert.java:111)
at org.testng.Assert.failNotEquals(Assert.java:1590)
at org.testng.Assert.assertEqualsImpl(Assert.java:150)
at org.testng.Assert.assertEquals(Assert.java:132)
at org.testng.Assert.assertEquals(Assert.java:656)
at org.testng.Assert.assertEquals(Assert.java:666)
at pageObjectModule.LeaveApplyPage.checkValidDeleteErrorMessageForPublicRestOffDay(LeaveApplyPage.java:796)
at stepDefination.LeaveApplyTest.user_need_to_check_valid_error_message_for_public_rest_off_day_successful_deletion(LeaveApplyTest.java:189)
at ✽.User need to check valid error message for public/rest/off day successful deletion.(file:///C:/Users/ISCISNB138U/eclipse-workspace/HR2EAZY-Application/src/test/java/feature/LeaveApply.feature:16)
]]>
    </failure>
  </testcase> <!-- runScenario -->
  <testcase classname="runner.LeaveApplyTestRunner" name="runScenario" time="69.503"/>
  <testcase classname="runner.LeaveApplyTestRunner" name="runScenario" time="66.319"/>
  <testcase classname="runner.LeaveApplyTestRunner" name="runScenario" time="53.426"/>
  <testcase classname="runner.LeaveApplyTestRunner" name="runScenario" time="72.652"/>
  <testcase classname="runner.LeaveApplyTestRunner" name="runScenario" time="84.180"/>
  <testcase classname="runner.LeaveApplyTestRunner" name="runScenario" time="78.012"/>
  <testcase classname="runner.LeaveApplyTestRunner" name="runScenario" time="49.642"/>
  <testcase classname="runner.LeaveApplyTestRunner" name="runScenario" time="74.495"/>
  <testcase classname="runner.LeaveApplyTestRunner" name="runScenario" time="100.505"/>
  <testcase classname="runner.LeaveApplyTestRunner" name="runScenario" time="64.244"/>
  <testcase classname="runner.LeaveApplyTestRunner" name="runScenario" time="58.747"/>
  <testcase classname="runner.LeaveApplyTestRunner" name="runScenario" time="47.469"/>
  <testcase classname="runner.LeaveApplyTestRunner" name="runScenario" time="59.503"/>
  <testcase classname="runner.LeaveApplyTestRunner" name="runScenario" time="88.887"/>
  <testcase classname="runner.LeaveApplyTestRunner" name="runScenario" time="67.990"/>
  <testcase classname="runner.LeaveApplyTestRunner" name="runScenario" time="63.305"/>
  <testcase classname="runner.LeaveApplyTestRunner" name="runScenario" time="92.225"/>
  <testcase classname="runner.LeaveApplyTestRunner" name="runScenario" time="53.281"/>
  <testcase classname="runner.LeaveApplyTestRunner" name="runScenario" time="75.696"/>
  <testcase classname="runner.LeaveApplyTestRunner" name="runScenario" time="73.366"/>
  <testcase classname="runner.LeaveApplyTestRunner" name="runScenario" time="49.313"/>
  <testcase classname="runner.LeaveApplyTestRunner" name="runScenario" time="88.803"/>
  <testcase classname="runner.LeaveApplyTestRunner" name="runScenario" time="57.720"/>
  <testcase classname="runner.LeaveApplyTestRunner" name="runScenario" time="180.665"/>
  <testcase classname="runner.LeaveApplyTestRunner" name="runScenario" time="117.652">
    <error message="Expected condition failed: waiting for visibility of element found by By.id: ctl00_ContentPlaceHolder1_lblMsg, but... org.openqa.selenium.NoSuchElementException: no such element: Unable to locate element: {&quot;method&quot;:&quot;css selector&quot;,&quot;selector&quot;:&quot;#ctl00_ContentPlaceHolder1_lblMsg&quot;}.
(tried for 60 seconds with 500 milliseconds interval)
Build info: version: &#039;4.43.0&#039;, revision: &#039;dd0f534&#039;
System info: os.name: &#039;Windows 10&#039;, os.arch: &#039;amd64&#039;, os.version: &#039;10.0&#039;, java.version: &#039;22.0.1&#039;
Driver info: org.openqa.selenium.chrome.ChromeDriver
Capabilities {acceptInsecureCerts: false, browserName: chrome, browserVersion: 148.0.7778.217, chrome: {chromedriverVersion: 148.0.7778.178 (d096af1c9e9..., userDataDir: C:\Users\ISCISN~1\AppData\L...}, fedcm:accounts: true, goog:chromeOptions: {debuggerAddress: localhost:50982}, goog:processID: 20636, networkConnectionEnabled: false, pageLoadStrategy: normal, platformName: windows, proxy: Proxy(), se:cdp: ws://localhost:50982/devtoo..., se:cdpVersion: 148.0.7778.217, setWindowRect: true, strictFileInteractability: false, timeouts: {implicit: 0, pageLoad: 300000, script: 30000}, unhandledPromptBehavior: dismiss and notify, webauthn:extension:credBlob: true, webauthn:extension:largeBlob: true, webauthn:extension:minPinLength: true, webauthn:extension:prf: true, webauthn:virtualAuthenticators: true}
Session ID: c8bc1150485765ebafe4fc09ee93aa6b" type="org.openqa.selenium.TimeoutException">
      <![CDATA[org.openqa.selenium.TimeoutException: Expected condition failed: waiting for visibility of element found by By.id: ctl00_ContentPlaceHolder1_lblMsg, but... org.openqa.selenium.NoSuchElementException: no such element: Unable to locate element: {"method":"css selector","selector":"#ctl00_ContentPlaceHolder1_lblMsg"}.
(tried for 60 seconds with 500 milliseconds interval)
Build info: version: '4.43.0', revision: 'dd0f534'
System info: os.name: 'Windows 10', os.arch: 'amd64', os.version: '10.0', java.version: '22.0.1'
Driver info: org.openqa.selenium.chrome.ChromeDriver
Capabilities {acceptInsecureCerts: false, browserName: chrome, browserVersion: 148.0.7778.217, chrome: {chromedriverVersion: 148.0.7778.178 (d096af1c9e9..., userDataDir: C:\Users\ISCISN~1\AppData\L...}, fedcm:accounts: true, goog:chromeOptions: {debuggerAddress: localhost:50982}, goog:processID: 20636, networkConnectionEnabled: false, pageLoadStrategy: normal, platformName: windows, proxy: Proxy(), se:cdp: ws://localhost:50982/devtoo..., se:cdpVersion: 148.0.7778.217, setWindowRect: true, strictFileInteractability: false, timeouts: {implicit: 0, pageLoad: 300000, script: 30000}, unhandledPromptBehavior: dismiss and notify, webauthn:extension:credBlob: true, webauthn:extension:largeBlob: true, webauthn:extension:minPinLength: true, webauthn:extension:prf: true, webauthn:virtualAuthenticators: true}
Session ID: c8bc1150485765ebafe4fc09ee93aa6b
at org.openqa.selenium.support.ui.WebDriverWait.timeoutException(WebDriverWait.java:85)
at org.openqa.selenium.support.ui.FluentWait.until(FluentWait.java:234)
at pageObjectModule.LeaveApplyPage.checkValidInvalidErrorMessage(LeaveApplyPage.java:752)
at stepDefination.LeaveApplyTest.user_need_to_check_valid_error_message_for_successful_leave_application(LeaveApplyTest.java:119)
at ✽.User need to check valid error message for successful leave application.(file:///C:/Users/ISCISNB138U/eclipse-workspace/HR2EAZY-Application/src/test/java/feature/LeaveApply.feature:34)
]]>
    </error>
  </testcase> <!-- runScenario -->
  <testcase classname="runner.LeaveApplyTestRunner" name="runScenario" time="57.057"/>
  <testcase classname="runner.LeaveApplyTestRunner" name="runScenario" time="61.175"/>
  <testcase classname="runner.LeaveApplyTestRunner" name="runScenario" time="48.169"/>
  <testcase classname="runner.LeaveApplyTestRunner" name="runScenario" time="37.626"/>
  <testcase classname="runner.LeaveApplyTestRunner" name="runScenario" time="78.819"/>
  <testcase classname="runner.LeaveApplyTestRunner" name="runScenario" time="62.355"/>
  <testcase classname="runner.LeaveApplyTestRunner" name="runScenario" time="58.611"/>
  <testcase classname="runner.LeaveApplyTestRunner" name="runScenario" time="82.882">
    <failure message="expected [Record deleted successfully.] but found [You must apply Annual Leave 2 days before.]" type="java.lang.AssertionError">
      <![CDATA[java.lang.AssertionError: expected [Record deleted successfully.] but found [You must apply Annual Leave 2 days before.]
at org.testng.Assert.fail(Assert.java:111)
at org.testng.Assert.failNotEquals(Assert.java:1590)
at org.testng.Assert.assertEqualsImpl(Assert.java:150)
at org.testng.Assert.assertEquals(Assert.java:132)
at org.testng.Assert.assertEquals(Assert.java:656)
at org.testng.Assert.assertEquals(Assert.java:666)
at pageObjectModule.LeaveApplyPage.checkValidDeleteErrorMessageForPublicRestOffDay(LeaveApplyPage.java:796)
at stepDefination.LeaveApplyTest.user_need_to_check_valid_error_message_for_public_rest_off_day_successful_deletion(LeaveApplyTest.java:189)
at ✽.User need to check valid error message for public/rest/off day successful deletion.(file:///C:/Users/ISCISNB138U/eclipse-workspace/HR2EAZY-Application/src/test/java/feature/LeaveApply.feature:16)
]]>
    </failure>
  </testcase> <!-- runScenario -->
  <testcase classname="runner.LeaveApplyTestRunner" name="runScenario" time="83.884"/>
  <testcase classname="runner.LeaveApplyTestRunner" name="runScenario" time="44.228"/>
  <testcase classname="runner.LeaveApplyTestRunner" name="runScenario" time="79.688"/>
  <testcase classname="runner.LeaveApplyTestRunner" name="runScenario" time="98.893"/>
  <testcase classname="runner.LeaveApplyTestRunner" name="runScenario" time="61.378"/>
  <testcase classname="runner.LeaveApplyTestRunner" name="runScenario" time="70.509"/>
  <testcase classname="runner.LeaveApplyTestRunner" name="runScenario" time="156.700">
    <error message="no such element: Unable to locate element: {&quot;method&quot;:&quot;xpath&quot;,&quot;selector&quot;:&quot;//input[@id=&#039;txtLanId&#039;]&quot;}
  (Session info: chrome=148.0.7778.217)
For documentation on this error, please visit: https://www.selenium.dev/documentation/webdriver/troubleshooting/errors#nosuchelementexception
Build info: version: &#039;4.43.0&#039;, revision: &#039;dd0f534&#039;
System info: os.name: &#039;Windows 10&#039;, os.arch: &#039;amd64&#039;, os.version: &#039;10.0&#039;, java.version: &#039;22.0.1&#039;
Driver info: org.openqa.selenium.chrome.ChromeDriver
Command: [f54dfbce209fbd4dfef949be078b499f, findElement {using=xpath, value=//input[@id=&#039;txtLanId&#039;]}]
Capabilities {acceptInsecureCerts: false, browserName: chrome, browserVersion: 148.0.7778.217, chrome: {chromedriverVersion: 148.0.7778.178 (d096af1c9e9..., userDataDir: C:\Users\ISCISN~1\AppData\L...}, fedcm:accounts: true, goog:chromeOptions: {debuggerAddress: localhost:55913}, goog:processID: 16268, networkConnectionEnabled: false, pageLoadStrategy: normal, platformName: windows, proxy: Proxy(), se:cdp: ws://localhost:55913/devtoo..., se:cdpVersion: 148.0.7778.217, setWindowRect: true, strictFileInteractability: false, timeouts: {implicit: 0, pageLoad: 300000, script: 30000}, unhandledPromptBehavior: dismiss and notify, webauthn:extension:credBlob: true, webauthn:extension:largeBlob: true, webauthn:extension:minPinLength: true, webauthn:extension:prf: true, webauthn:virtualAuthenticators: true}
Session ID: f54dfbce209fbd4dfef949be078b499f" type="org.openqa.selenium.NoSuchElementException">
      <![CDATA[org.openqa.selenium.NoSuchElementException: no such element: Unable to locate element: {"method":"xpath","selector":"//input[@id='txtLanId']"}
  (Session info: chrome=148.0.7778.217)
For documentation on this error, please visit: https://www.selenium.dev/documentation/webdriver/troubleshooting/errors#nosuchelementexception
Build info: version: '4.43.0', revision: 'dd0f534'
System info: os.name: 'Windows 10', os.arch: 'amd64', os.version: '10.0', java.version: '22.0.1'
Driver info: org.openqa.selenium.chrome.ChromeDriver
Command: [f54dfbce209fbd4dfef949be078b499f, findElement {using=xpath, value=//input[@id='txtLanId']}]
Capabilities {acceptInsecureCerts: false, browserName: chrome, browserVersion: 148.0.7778.217, chrome: {chromedriverVersion: 148.0.7778.178 (d096af1c9e9..., userDataDir: C:\Users\ISCISN~1\AppData\L...}, fedcm:accounts: true, goog:chromeOptions: {debuggerAddress: localhost:55913}, goog:processID: 16268, networkConnectionEnabled: false, pageLoadStrategy: normal, platformName: windows, proxy: Proxy(), se:cdp: ws://localhost:55913/devtoo..., se:cdpVersion: 148.0.7778.217, setWindowRect: true, strictFileInteractability: false, timeouts: {implicit: 0, pageLoad: 300000, script: 30000}, unhandledPromptBehavior: dismiss and notify, webauthn:extension:credBlob: true, webauthn:extension:largeBlob: true, webauthn:extension:minPinLength: true, webauthn:extension:prf: true, webauthn:virtualAuthenticators: true}
Session ID: f54dfbce209fbd4dfef949be078b499f
at org.openqa.selenium.remote.ErrorCodec.decode(ErrorCodec.java:169)
at org.openqa.selenium.remote.codec.w3c.W3CHttpResponseCodec.decode(W3CHttpResponseCodec.java:142)
at org.openqa.selenium.remote.codec.w3c.W3CHttpResponseCodec.decode(W3CHttpResponseCodec.java:49)
at org.openqa.selenium.remote.HttpCommandExecutor.execute(HttpCommandExecutor.java:223)
at org.openqa.selenium.remote.service.DriverCommandExecutor.invokeExecute(DriverCommandExecutor.java:216)
at org.openqa.selenium.remote.service.DriverCommandExecutor.execute(DriverCommandExecutor.java:174)
at org.openqa.selenium.remote.RemoteWebDriver.execute(RemoteWebDriver.java:606)
at org.openqa.selenium.remote.ElementLocation$ElementFinder$2.findElement(ElementLocation.java:166)
at org.openqa.selenium.remote.ElementLocation.findElement(ElementLocation.java:60)
at org.openqa.selenium.remote.RemoteWebDriver.findElement(RemoteWebDriver.java:429)
at org.openqa.selenium.remote.RemoteWebDriver.findElement(RemoteWebDriver.java:423)
at pageObjectModule.LoginPage.enterUserName(LoginPage.java:46)
at stepDefination.LeaveApplyTest.user_enters_valid_authentication_username_and_authentication_password(LeaveApplyTest.java:47)
at ✽.User enters valid Authentication username and Authentication password(file:///C:/Users/ISCISNB138U/eclipse-workspace/HR2EAZY-Application/src/test/java/feature/LeaveApply.feature:4)
]]>
    </error>
  </testcase> <!-- runScenario -->
  <testcase classname="runner.LeaveApplyTestRunner" name="runScenario" time="136.708"/>
  <testcase classname="runner.LeaveApplyTestRunner" name="runScenario" time="65.471"/>
  <testcase classname="runner.LeaveApplyTestRunner" name="runScenario" time="95.132"/>
  <testcase classname="runner.LeaveApplyTestRunner" name="runScenario" time="45.680"/>
  <testcase classname="runner.LeaveApplyTestRunner" name="runScenario" time="76.862"/>
  <testcase classname="runner.LeaveApplyTestRunner" name="runScenario" time="62.004"/>
  <testcase classname="runner.LeaveApplyTestRunner" name="runScenario" time="79.554"/>
  <testcase classname="runner.LeaveApplyTestRunner" name="runScenario" time="44.717"/>
  <testcase classname="runner.LeaveApplyTestRunner" name="runScenario" time="104.762"/>
  <testcase classname="runner.LeaveApplyTestRunner" name="runScenario" time="96.127"/>
  <testcase classname="runner.LeaveApplyTestRunner" name="runScenario" time="43.280"/>
  <testcase classname="runner.LeaveApplyTestRunner" name="runScenario" time="47.895"/>
  <testcase classname="runner.LeaveApplyTestRunner" name="runScenario" time="74.309"/>
  <testcase classname="runner.LeaveApplyTestRunner" name="runScenario" time="97.514"/>
  <testcase classname="runner.LeaveApplyTestRunner" name="runScenario" time="56.196"/>
  <testcase classname="runner.LeaveApplyTestRunner" name="runScenario" time="75.604"/>
  <testcase classname="runner.LeaveApplyTestRunner" name="runScenario" time="45.973"/>
  <testcase classname="runner.LeaveApplyTestRunner" name="runScenario" time="89.772"/>
  <testcase classname="runner.LeaveApplyTestRunner" name="runScenario" time="76.470"/>
  <testcase classname="runner.LeaveApplyTestRunner" name="runScenario" time="73.229"/>
  <testcase classname="runner.LeaveApplyTestRunner" name="runScenario" time="74.612"/>
  <testcase classname="runner.LeaveApplyTestRunner" name="runScenario" time="71.908"/>
  <testcase classname="runner.LeaveApplyTestRunner" name="runScenario" time="83.473"/>
  <testcase classname="runner.LeaveApplyTestRunner" name="runScenario" time="73.153"/>
  <testcase classname="runner.LeaveApplyTestRunner" name="runScenario" time="36.974"/>
  <testcase classname="runner.LeaveApplyTestRunner" name="runScenario" time="42.208"/>
  <testcase classname="runner.LeaveApplyTestRunner" name="runScenario" time="84.397">
    <failure message="expected [Record deleted successfully.] but found [You must apply Annual Leave 2 days before.]" type="java.lang.AssertionError">
      <![CDATA[java.lang.AssertionError: expected [Record deleted successfully.] but found [You must apply Annual Leave 2 days before.]
at org.testng.Assert.fail(Assert.java:111)
at org.testng.Assert.failNotEquals(Assert.java:1590)
at org.testng.Assert.assertEqualsImpl(Assert.java:150)
at org.testng.Assert.assertEquals(Assert.java:132)
at org.testng.Assert.assertEquals(Assert.java:656)
at org.testng.Assert.assertEquals(Assert.java:666)
at pageObjectModule.LeaveApplyPage.checkValidDeleteErrorMessageForPublicRestOffDay(LeaveApplyPage.java:796)
at stepDefination.LeaveApplyTest.user_need_to_check_valid_error_message_for_public_rest_off_day_successful_deletion(LeaveApplyTest.java:189)
at ✽.User need to check valid error message for public/rest/off day successful deletion.(file:///C:/Users/ISCISNB138U/eclipse-workspace/HR2EAZY-Application/src/test/java/feature/LeaveApply.feature:36)
]]>
    </failure>
  </testcase> <!-- runScenario -->
  <testcase classname="runner.LeaveApplyTestRunner" name="runScenario" time="58.968"/>
  <testcase classname="runner.LeaveApplyTestRunner" name="runScenario" time="72.581"/>
  <testcase classname="runner.LeaveApplyTestRunner" name="runScenario" time="49.038"/>
  <testcase classname="runner.LeaveApplyTestRunner" name="runScenario" time="56.439"/>
  <testcase classname="runner.LeaveApplyTestRunner" name="runScenario" time="61.483"/>
  <testcase classname="runner.LeaveApplyTestRunner" name="runScenario" time="51.734"/>
  <testcase classname="runner.LeaveApplyTestRunner" name="runScenario" time="70.701"/>
  <testcase classname="runner.LeaveApplyTestRunner" name="runScenario" time="83.307"/>
  <testcase classname="runner.LeaveApplyTestRunner" name="runScenario" time="68.439"/>
  <testcase classname="runner.LeaveApplyTestRunner" name="runScenario" time="47.618"/>
  <testcase classname="runner.LeaveApplyTestRunner" name="runScenario" time="47.880"/>
  <testcase classname="runner.LeaveApplyTestRunner" name="runScenario" time="65.066"/>
  <testcase classname="runner.LeaveApplyTestRunner" name="runScenario" time="81.283"/>
  <testcase classname="runner.LeaveApplyTestRunner" name="runScenario" time="53.818"/>
  <testcase classname="runner.LeaveApplyTestRunner" name="runScenario" time="55.414"/>
  <testcase classname="runner.LeaveApplyTestRunner" name="runScenario" time="50.186"/>
  <testcase classname="runner.LeaveApplyTestRunner" name="runScenario" time="75.634"/>
  <testcase classname="runner.LeaveApplyTestRunner" name="runScenario" time="43.138"/>
  <testcase classname="runner.LeaveApplyTestRunner" name="runScenario" time="47.802"/>
  <testcase classname="runner.LeaveApplyTestRunner" name="runScenario" time="75.053"/>
  <testcase classname="runner.LeaveApplyTestRunner" name="runScenario" time="74.531"/>
  <testcase classname="runner.LeaveApplyTestRunner" name="runScenario" time="82.073"/>
  <testcase classname="runner.LeaveApplyTestRunner" name="runScenario" time="93.574"/>
  <testcase classname="runner.LeaveApplyTestRunner" name="runScenario" time="102.307">
    <error message="Expected condition failed: waiting for visibility of element found by By.xpath: //span[contains(text(),&#039;SQL&#039;)], but... org.openqa.selenium.NoSuchElementException: no such element: Unable to locate element: {&quot;method&quot;:&quot;xpath&quot;,&quot;selector&quot;:&quot;//span[contains(text(),&#039;SQL&#039;)]&quot;}.
(tried for 60 seconds with 500 milliseconds interval)
Build info: version: &#039;4.43.0&#039;, revision: &#039;dd0f534&#039;
System info: os.name: &#039;Windows 10&#039;, os.arch: &#039;amd64&#039;, os.version: &#039;10.0&#039;, java.version: &#039;22.0.1&#039;
Driver info: org.openqa.selenium.chrome.ChromeDriver
Capabilities {acceptInsecureCerts: false, browserName: chrome, browserVersion: 148.0.7778.217, chrome: {chromedriverVersion: 148.0.7778.178 (d096af1c9e9..., userDataDir: C:\Users\ISCISN~1\AppData\L...}, fedcm:accounts: true, goog:chromeOptions: {debuggerAddress: localhost:51072}, goog:processID: 6348, networkConnectionEnabled: false, pageLoadStrategy: normal, platformName: windows, proxy: Proxy(), se:cdp: ws://localhost:51072/devtoo..., se:cdpVersion: 148.0.7778.217, setWindowRect: true, strictFileInteractability: false, timeouts: {implicit: 0, pageLoad: 300000, script: 30000}, unhandledPromptBehavior: dismiss and notify, webauthn:extension:credBlob: true, webauthn:extension:largeBlob: true, webauthn:extension:minPinLength: true, webauthn:extension:prf: true, webauthn:virtualAuthenticators: true}
Session ID: d02f2bf8d4ba51e0383eb250f00484a1" type="org.openqa.selenium.TimeoutException">
      <![CDATA[org.openqa.selenium.TimeoutException: Expected condition failed: waiting for visibility of element found by By.xpath: //span[contains(text(),'SQL')], but... org.openqa.selenium.NoSuchElementException: no such element: Unable to locate element: {"method":"xpath","selector":"//span[contains(text(),'SQL')]"}.
(tried for 60 seconds with 500 milliseconds interval)
Build info: version: '4.43.0', revision: 'dd0f534'
System info: os.name: 'Windows 10', os.arch: 'amd64', os.version: '10.0', java.version: '22.0.1'
Driver info: org.openqa.selenium.chrome.ChromeDriver
Capabilities {acceptInsecureCerts: false, browserName: chrome, browserVersion: 148.0.7778.217, chrome: {chromedriverVersion: 148.0.7778.178 (d096af1c9e9..., userDataDir: C:\Users\ISCISN~1\AppData\L...}, fedcm:accounts: true, goog:chromeOptions: {debuggerAddress: localhost:51072}, goog:processID: 6348, networkConnectionEnabled: false, pageLoadStrategy: normal, platformName: windows, proxy: Proxy(), se:cdp: ws://localhost:51072/devtoo..., se:cdpVersion: 148.0.7778.217, setWindowRect: true, strictFileInteractability: false, timeouts: {implicit: 0, pageLoad: 300000, script: 30000}, unhandledPromptBehavior: dismiss and notify, webauthn:extension:credBlob: true, webauthn:extension:largeBlob: true, webauthn:extension:minPinLength: true, webauthn:extension:prf: true, webauthn:virtualAuthenticators: true}
Session ID: d02f2bf8d4ba51e0383eb250f00484a1
at org.openqa.selenium.support.ui.WebDriverWait.timeoutException(WebDriverWait.java:85)
at org.openqa.selenium.support.ui.FluentWait.until(FluentWait.java:234)
at pageObjectModule.GetDataPage.hitGetDataUrl(GetDataPage.java:43)
at stepDefination.LeaveApplyTest.hit_the_get_data_url_and_check_the_open_leave_setting(LeaveApplyTest.java:71)
at ✽.Hit the getData url and check the open leave setting.(file:///C:/Users/ISCISNB138U/eclipse-workspace/HR2EAZY-Application/src/test/java/feature/LeaveApply.feature:50)
]]>
    </error>
  </testcase> <!-- runScenario -->
</testsuite> <!-- runner.LeaveApplyTestRunner -->
